[2026-03-08T15:01:16.869860] [INFO] 状态更新完成 (day=9)
[2026-03-08T15:01:16.870147] [INFO] 开始滚动优化 (day=10)
[2026-03-08T15:01:16.876724] [INFO] 获取今日到货：{}
[2026-03-08T15:01:16.876820] [INFO] 更新后在途：2 单
[2026-03-08T15:01:16.922192] [WARNING] PD API 未返回合同数据，尝试使用缓存
[2026-03-08T15:01:16.922391] [WARNING] 使用缓存的合同 2 个
[2026-03-08T15:01:16.922427] [INFO] 使用默认产能配置（预留接口待对接）
[2026-03-08T15:01:16.936534] [INFO] 状态更新完成 (day=10)
[2026-03-08T15:01:16.936659] [INFO] 优化完成，今日计划：2 条记录
[2026-03-08T15:01:16.936721] [INFO] 开始滚动优化 (day=11)
[2026-03-08T15:01:16.986208] [INFO] 获取今日到货：{}
[2026-03-08T15:01:16.986339] [INFO] 更新后在途：2 单
[2026-03-08T15:01:17.034205] [WARNING] PD API 未返回合同数据，尝试使用缓存
[2026-03-08T15:01:17.034389] [WARNING] 使用缓存的合同 2 个
[2026-03-08T15:01:17.034414] [INFO] 使用默认产能配置（预留接口待对接）
[2026-03-08T15:01:17.044850] [INFO] 状态更新完成 (day=11)
[2026-03-08T15:01:17.044970] [INFO] 优化完成，今日计划：2 条记录
[2026-03-08T15:01:17.045023] [INFO] 开始滚动优化 (day=12)
[2026-03-08T15:01:17.094186] [INFO] 获取今日到货：{}
[2026-03-08T15:01:17.094304] [INFO] 更新后在途：2 单
[2026-03-08T15:01:17.142185] [WARNING] PD API 未返回合同数据，尝试使用缓存
[2026-03-08T15:01:17.142374] [WARNING] 使用缓存的合同 2 个
[2026-03-08T15:01:17.142405] [INFO] 使用默认产能配置（预留接口待对接）
[2026-03-08T15:01:17.153246] [INFO] 状态更新完成 (day=12)
[2026-03-08T15:01:17.153368] [INFO] 优化完成，今日计划：2 条记录
[2026-03-08T15:01:17.153427] [INFO] 开始滚动优化 (day=13)
[2026-03-08T15:01:17.202183] [INFO] 获取今日到货：{}
[2026-03-08T15:01:17.202308] [INFO] 更新后在途：2 单
[2026-03-08T15:01:17.250174] [WARNING] PD API 未返回合同数据，尝试使用缓存
[2026-03-08T15:01:17.250350] [WARNING] 使用缓存的合同 2 个
[2026-03-08T15:01:17.250381] [INFO] 使用默认产能配置（预留接口待对接）
[2026-03-08T15:01:17.261399] [INFO] 状态更新完成 (day=13)
[2026-03-08T15:01:17.261520] [INFO] 优化完成，今日计划：2 条记录
[2026-03-08T15:01:17.261572] [INFO] 开始滚动优化 (day=14)
[2026-03-08T15:01:17.306162] [INFO] 获取今日到货：{}
[2026-03-08T15:01:17.306279] [INFO] 更新后在途：2 单
[2026-03-08T15:01:17.354258] [WARNING] PD API 未返回合同数据，尝试使用缓存
[2026-03-08T15:01:17.354423] [WARNING] 使用缓存的合同 2 个
[2026-03-08T15:01:17.354449] [INFO] 使用默认产能配置（预留接口待对接）
[2026-03-08T15:01:17.365321] [INFO] 状态更新完成 (day=14)
[2026-03-08T15:01:17.365437] [INFO] 优化完成，今日计划：2 条记录
[2026-03-08T15:01:17.365493] [INFO] 开始滚动优化 (day=15)
[2026-03-08T15:01:17.410160] [INFO] 获取今日到货：{}
[2026-03-08T15:01:17.410285] [INFO] 更新后在途：2 单
[2026-03-08T15:01:17.458189] [WARNING] PD API 未返回合同数据，尝试使用缓存
[2026-03-08T15:01:17.458363] [WARNING] 使用缓存的合同 2 个
[2026-03-08T15:01:17.458392] [INFO] 使用默认产能配置（预留接口待对接）
[2026-03-08T15:01:17.468382] [INFO] 状态更新完成 (day=15)
[2026-03-08T15:01:17.468590] [INFO] 优化完成，今日计划：2 条记录
[2026-03-08T15:01:17.468655] [INFO] 开始滚动优化 (day=16)
[2026-03-08T15:01:17.514203] [INFO] 获取今日到货：{}
[2026-03-08T15:01:17.514336] [INFO] 更新后在途：2 单
[2026-03-08T15:01:17.562215] [WARNING] PD API 未返回合同数据，尝试使用缓存
[2026-03-08T15:01:17.562389] [WARNING] 使用缓存的合同 2 个
[2026-03-08T15:01:17.562418] [INFO] 使用默认产能配置（预留接口待对接）
[2026-03-08T15:01:17.572315] [INFO] 状态更新完成 (day=16)
[2026-03-08T15:01:17.572428] [INFO] 优化完成，今日计划：2 条记录
[2026-03-08T15:01:17.572478] [INFO] 开始滚动优化 (day=17)
[2026-03-08T15:01:17.618238] [INFO] 获取今日到货：{}
[2026-03-08T15:01:17.618397] [INFO] 更新后在途：2 单
[2026-03-08T15:01:17.666186] [WARNING] PD API 未返回合同数据，尝试使用缓存
[2026-03-08T15:01:17.666365] [WARNING] 使用缓存的合同 2 个
[2026-03-08T15:01:17.666395] [INFO] 使用默认产能配置（预留接口待对接）
[2026-03-08T15:01:17.676879] [INFO] 状态更新完成 (day=17)
[2026-03-08T15:01:17.676985] [INFO] 优化完成，今日计划：2 条记录
[2026-03-08T15:01:17.677035] [INFO] 开始滚动优化 (day=18)
[2026-03-08T15:01:17.722212] [INFO] 获取今日到货：{}
[2026-03-08T15:01:17.722345] [INFO] 更新后在途：2 单
[2026-03-08T15:01:17.770162] [WARNING] PD API 未返回合同数据，尝试使用缓存
[2026-03-08T15:01:17.770320] [WARNING] 使用缓存的合同 2 个
[2026-03-08T15:01:17.770344] [INFO] 使用默认产能配置（预留接口待对接）
[2026-03-08T15:01:17.780088] [INFO] 状态更新完成 (day=18)
[2026-03-08T15:01:17.780198] [INFO] 优化完成，今日计划：2 条记录
[2026-03-08T15:01:17.780249] [INFO] 开始滚动优化 (day=19)
[2026-03-08T15:01:17.826164] [INFO] 获取今日到货：{}
[2026-03-08T15:01:17.826316] [INFO] 更新后在途：2 单
[2026-03-08T15:01:17.874174] [WARNING] PD API 未返回合同数据，尝试使用缓存
[2026-03-08T15:01:17.874356] [WARNING] 使用缓存的合同 2 个
[2026-03-08T15:01:17.874386] [INFO] 使用默认产能配置（预留接口待对接）
[2026-03-08T15:01:17.884308] [INFO] 状态更新完成 (day=19)
[2026-03-08T15:01:17.884421] [INFO] 优化完成，今日计划：2 条记录
[2026-03-08T15:01:17.884471] [INFO] 开始滚动优化 (day=20)
[2026-03-08T15:01:17.930174] [INFO] 获取今日到货：{}
[2026-03-08T15:01:17.930299] [INFO] 更新后在途：2 单
[2026-03-08T15:01:17.978168] [WARNING] PD API 未返回合同数据，尝试使用缓存
[2026-03-08T15:01:17.978342] [WARNING] 使用缓存的合同 2 个
[2026-03-08T15:01:17.978372] [INFO] 使用默认产能配置（预留接口待对接）
[2026-03-08T15:01:17.988469] [INFO] 状态更新完成 (day=20)
[2026-03-08T15:01:17.988828] [INFO] 优化完成，今日计划：2 条记录
[2026-03-08T15:01:17.989070] [INFO] 开始滚动优化 (day=21)
[2026-03-08T15:01:18.034212] [INFO] 获取今日到货：{}
[2026-03-08T15:01:18.034344] [INFO] 更新后在途：2 单
[2026-03-08T15:01:18.082185] [WARNING] PD API 未返回合同数据，尝试使用缓存
[2026-03-08T15:01:18.082369] [WARNING] 使用缓存的合同 2 个
[2026-03-08T15:01:18.082399] [INFO] 使用默认产能配置（预留接口待对接）
[2026-03-08T15:01:18.091727] [INFO] 状态更新完成 (day=21)
[2026-03-08T15:01:18.091834] [INFO] 优化完成，今日计划：2 条记录
[2026-03-08T15:01:18.091880] [INFO] 开始滚动优化 (day=22)
[2026-03-08T15:01:18.138227] [INFO] 获取今日到货：{}
[2026-03-08T15:01:18.138362] [INFO] 更新后在途：2 单
[2026-03-08T15:01:18.186182] [WARNING] PD API 未返回合同数据，尝试使用缓存
[2026-03-08T15:01:18.186360] [WARNING] 使用缓存的合同 2 个
[2026-03-08T15:01:18.186389] [INFO] 使用默认产能配置（预留接口待对接）
[2026-03-08T15:01:18.195757] [INFO] 状态更新完成 (day=22)
[2026-03-08T15:01:18.195857] [INFO] 优化完成，今日计划：2 条记录
[2026-03-08T15:01:18.195904] [INFO] 开始滚动优化 (day=23)
[2026-03-08T15:01:18.242171] [INFO] 获取今日到货：{}
[2026-03-08T15:01:18.242290] [INFO] 更新后在途：2 单
[2026-03-08T15:01:18.290196] [WARNING] PD API 未返回合同数据，尝试使用缓存
[2026-03-08T15:01:18.290386] [WARNING] 使用缓存的合同 2 个
[2026-03-08T15:01:18.290416] [INFO] 使用默认产能配置（预留接口待对接）
[2026-03-08T15:01:18.299794] [INFO] 状态更新完成 (day=23)
[2026-03-08T15:01:18.299900] [INFO] 优化完成，今日计划：2 条记录
[2026-03-08T15:01:18.299948] [INFO] 开始滚动优化 (day=24)
[2026-03-08T15:01:18.346174] [INFO] 获取今日到货：{}
[2026-03-08T15:01:18.346294] [INFO] 更新后在途：2 单
[2026-03-08T15:01:18.394197] [WARNING] PD API 未返回合同数据，尝试使用缓存
[2026-03-08T15:01:18.394375] [WARNING] 使用缓存的合同 2 个
[2026-03-08T15:01:18.394405] [INFO] 使用默认产能配置（预留接口待对接）
[2026-03-08T15:01:18.404290] [INFO] 状态更新完成 (day=24)
[2026-03-08T15:01:18.404396] [INFO] 优化完成，今日计划：2 条记录
